# JRE version: Java(TM) SE Runtime Environment (8.0_151-b12) (build 1.8.0_151-b12)
# Java VM: Java HotSpot(TM) Client VM (25.151-b12 mixed mode windows-x86 )
Heap:
 def new generation   total 70720K, used 5216K [0x05000000, 0x09cb0000, 0x0faa0000)
  eden space 62912K,   0% used [0x05000000, 0x05000000, 0x08d70000)
  from space 7808K,  66% used [0x09510000, 0x09a280c8, 0x09cb0000)
  to   space 7808K,   0% used [0x08d70000, 0x08d70000, 0x09510000)
 tenured generation   total 158336K, used 158231K [0x0faa0000, 0x19540000, 0x25000000)
   the space 158336K,  99% used [0x0faa0000, 0x19525d70, 0x19525e00, 0x19540000)
 Metaspace       used 57293K, capacity 59769K, committed 59776K, reserved 59776K
GC Heap History (10 events):
Event: 2349.570 GC heap after
Heap after GC invocations=162 (full 8):
 def new generation   total 70720K, used 2669K [0x05000000, 0x09cb0000, 0x0faa0000)
  eden space 62912K,   0% used [0x05000000, 0x05000000, 0x08d70000)
  from space 7808K,  34% used [0x08d70000, 0x0900b610, 0x09510000)
  to   space 7808K,   0% used [0x09510000, 0x09510000, 0x09cb0000)
 tenured generation   total 156672K, used 144541K [0x0faa0000, 0x193a0000, 0x25000000)
   the space 156672K,  92% used [0x0faa0000, 0x187c7540, 0x187c7600, 0x193a0000)
 Metaspace       used 53486K, capacity 55796K, committed 55808K, reserved 56704K
}
Event: 2351.355 GC heap before
{Heap before GC invocations=162 (full 8):
 def new generation   total 70720K, used 65581K [0x05000000, 0x09cb0000, 0x0faa0000)
  eden space 62912K, 100% used [0x05000000, 0x08d70000, 0x08d70000)
  from space 7808K,  34% used [0x08d70000, 0x0900b610, 0x09510000)
  to   space 7808K,   0% used [0x09510000, 0x09510000, 0x09cb0000)
 tenured generation   total 156672K, used 144541K [0x0faa0000, 0x193a0000, 0x25000000)
   the space 156672K,  92% used [0x0faa0000, 0x187c7540, 0x187c7600, 0x193a0000)
 Metaspace       used 54492K, capacity 56854K, committed 56960K, reserved 57728K
Event: 2351.381 GC heap after
Heap after GC invocations=163 (full 8):
 def new generation   total 70720K, used 5115K [0x05000000, 0x09cb0000, 0x0faa0000)
  eden space 62912K,   0% used [0x05000000, 0x05000000, 0x08d70000)
  from space 7808K,  65% used [0x09510000, 0x09a0ef58, 0x09cb0000)
  to   space 7808K,   0% used [0x08d70000, 0x08d70000, 0x09510000)
 tenured generation   total 156672K, used 144541K [0x0faa0000, 0x193a0000, 0x25000000)
   the space 156672K,  92% used [0x0faa0000, 0x187c7540, 0x187c7600, 0x193a0000)
 Metaspace       used 54492K, capacity 56854K, committed 56960K, reserved 57728K
}
Event: 2354.092 GC heap before
{Heap before GC invocations=163 (full 8):
 def new generation   total 70720K, used 68027K [0x05000000, 0x09cb0000, 0x0faa0000)
  eden space 62912K, 100% used [0x05000000, 0x08d70000, 0x08d70000)
  from space 7808K,  65% used [0x09510000, 0x09a0ef58, 0x09cb0000)
  to   space 7808K,   0% used [0x08d70000, 0x08d70000, 0x09510000)
 tenured generation   total 156672K, used 144541K [0x0faa0000, 0x193a0000, 0x25000000)
   the space 156672K,  92% used [0x0faa0000, 0x187c7540, 0x187c7600, 0x193a0000)
 Metaspace       used 56212K, capacity 58643K, committed 58752K, reserved 58752K
Event: 2354.152 GC heap after
Heap after GC invocations=164 (full 8):
 def new generation   total 70720K, used 7808K [0x05000000, 0x09cb0000, 0x0faa0000)
  eden space 62912K,   0% used [0x05000000, 0x05000000, 0x08d70000)
  from space 7808K, 100% used [0x08d70000, 0x09510000, 0x09510000)
  to   space 7808K,   0% used [0x09510000, 0x09510000, 0x09cb0000)
 tenured generation   total 156672K, used 149268K [0x0faa0000, 0x193a0000, 0x25000000)
   the space 156672K,  95% used [0x0faa0000, 0x18c65070, 0x18c65200, 0x193a0000)
 Metaspace       used 56212K, capacity 58643K, committed 58752K, reserved 58752K
}
Event: 2362.669 GC heap before
{Heap before GC invocations=164 (full 8):
 def new generation   total 70720K, used 70720K [0x05000000, 0x09cb0000, 0x0faa0000)
  eden space 62912K, 100% used [0x05000000, 0x08d70000, 0x08d70000)
  from space 7808K, 100% used [0x08d70000, 0x09510000, 0x09510000)
  to   space 7808K,   0% used [0x09510000, 0x09510000, 0x09cb0000)
 tenured generation   total 156672K, used 149268K [0x0faa0000, 0x193a0000, 0x25000000)
   the space 156672K,  95% used [0x0faa0000, 0x18c65070, 0x18c65200, 0x193a0000)
 Metaspace       used 57265K, capacity 59717K, committed 59776K, reserved 59776K
Event: 2362.716 GC heap after
Heap after GC invocations=165 (full 8):
 def new generation   total 70720K, used 3723K [0x05000000, 0x09cb0000, 0x0faa0000)
  eden space 62912K,   0% used [0x05000000, 0x05000000, 0x08d70000)
  from space 7808K,  47% used [0x09510000, 0x098b2e28, 0x09cb0000)
  to   space 7808K,   0% used [0x08d70000, 0x08d70000, 0x09510000)
 tenured generation   total 156672K, used 156385K [0x0faa0000, 0x193a0000, 0x25000000)
   the space 156672K,  99% used [0x0faa0000, 0x19358468, 0x19358600, 0x193a0000)
 Metaspace       used 57265K, capacity 59717K, committed 59776K, reserved 59776K
}
Event: 2363.826 GC heap before
{Heap before GC invocations=165 (full 8):
 def new generation   total 70720K, used 66635K [0x05000000, 0x09cb0000, 0x0faa0000)
  eden space 62912K, 100% used [0x05000000, 0x08d70000, 0x08d70000)
  from space 7808K,  47% used [0x09510000, 0x098b2e28, 0x09cb0000)
  to   space 7808K,   0% used [0x08d70000, 0x08d70000, 0x09510000)
 tenured generation   total 156672K, used 156385K [0x0faa0000, 0x193a0000, 0x25000000)
   the space 156672K,  99% used [0x0faa0000, 0x19358468, 0x19358600, 0x193a0000)
 Metaspace       used 57282K, capacity 59752K, committed 59776K, reserved 59776K
Event: 2363.863 GC heap after
Heap after GC invocations=166 (full 8):
 def new generation   total 70720K, used 5730K [0x05000000, 0x09cb0000, 0x0faa0000)
  eden space 62912K,   0% used [0x05000000, 0x05000000, 0x08d70000)
  from space 7808K,  73% used [0x08d70000, 0x09308838, 0x09510000)
  to   space 7808K,   0% used [0x09510000, 0x09510000, 0x09cb0000)
 tenured generation   total 156672K, used 156385K [0x0faa0000, 0x193a0000, 0x25000000)
   the space 156672K,  99% used [0x0faa0000, 0x19358468, 0x19358600, 0x193a0000)
 Metaspace       used 57282K, capacity 59752K, committed 59776K, reserved 59776K
}
Event: 2365.877 GC heap before
{Heap before GC invocations=166 (full 8):
 def new generation   total 70720K, used 68642K [0x05000000, 0x09cb0000, 0x0faa0000)
  eden space 62912K, 100% used [0x05000000, 0x08d70000, 0x08d70000)
  from space 7808K,  73% used [0x08d70000, 0x09308838, 0x09510000)
  to   space 7808K,   0% used [0x09510000, 0x09510000, 0x09cb0000)
 tenured generation   total 156672K, used 156385K [0x0faa0000, 0x193a0000, 0x25000000)
   the space 156672K,  99% used [0x0faa0000, 0x19358468, 0x19358600, 0x193a0000)
 Metaspace       used 57293K, capacity 59769K, committed 59776K, reserved 59776K

