# JRE version: Java(TM) SE Runtime Environment (8.0_151-b12) (build 1.8.0_151-b12)
# Java VM: Java HotSpot(TM) Client VM (25.151-b12 mixed mode windows-x86 )
Heap:
 def new generation   total 35392K, used 1507K [0x04800000, 0x06e60000, 0x0f2a0000)
  eden space 31488K,   4% used [0x04800000, 0x04978da8, 0x066c0000)
  from space 3904K,   0% used [0x066c0000, 0x066c0000, 0x06a90000)
  to   space 3904K,   0% used [0x06a90000, 0x06a90000, 0x06e60000)
 tenured generation   total 78360K, used 47014K [0x0f2a0000, 0x13f26000, 0x24800000)
   the space 78360K,  59% used [0x0f2a0000, 0x12089b68, 0x12089c00, 0x13f26000)
 Metaspace       used 34291K, capacity 35441K, committed 35584K, reserved 36224K
GC Heap History (10 events):
Event: 16.176 GC heap before
{Heap before GC invocations=99 (full 4):
 def new generation   total 20736K, used 20238K [0x04800000, 0x05e80000, 0x0f2a0000)
  eden space 18432K, 100% used [0x04800000, 0x05a00000, 0x05a00000)
  from space 2304K,  78% used [0x05a00000, 0x05bc3918, 0x05c40000)
  to   space 2304K,   0% used [0x05c40000, 0x05c40000, 0x05e80000)
 tenured generation   total 45864K, used 37195K [0x0f2a0000, 0x11f6a000, 0x24800000)
   the space 45864K,  81% used [0x0f2a0000, 0x116f2dc8, 0x116f2e00, 0x11f6a000)
 Metaspace       used 33792K, capacity 34860K, committed 34944K, reserved 35200K
Event: 16.185 GC heap after
Heap after GC invocations=100 (full 4):
 def new generation   total 20736K, used 2106K [0x04800000, 0x05e80000, 0x0f2a0000)
  eden space 18432K,   0% used [0x04800000, 0x04800000, 0x05a00000)
  from space 2304K,  91% used [0x05c40000, 0x05e4e900, 0x05e80000)
  to   space 2304K,   0% used [0x05a00000, 0x05a00000, 0x05c40000)
 tenured generation   total 45864K, used 38998K [0x0f2a0000, 0x11f6a000, 0x24800000)
   the space 45864K,  85% used [0x0f2a0000, 0x118b5a78, 0x118b5c00, 0x11f6a000)
 Metaspace       used 33792K, capacity 34860K, committed 34944K, reserved 35200K
}
Event: 16.238 GC heap before
{Heap before GC invocations=100 (full 4):
 def new generation   total 20736K, used 20538K [0x04800000, 0x05e80000, 0x0f2a0000)
  eden space 18432K, 100% used [0x04800000, 0x05a00000, 0x05a00000)
  from space 2304K,  91% used [0x05c40000, 0x05e4e900, 0x05e80000)
  to   space 2304K,   0% used [0x05a00000, 0x05a00000, 0x05c40000)
 tenured generation   total 45864K, used 38998K [0x0f2a0000, 0x11f6a000, 0x24800000)
   the space 45864K,  85% used [0x0f2a0000, 0x118b5a78, 0x118b5c00, 0x11f6a000)
 Metaspace       used 33802K, capacity 34860K, committed 34944K, reserved 35200K
Event: 16.247 GC heap after
Heap after GC invocations=101 (full 4):
 def new generation   total 20736K, used 2303K [0x04800000, 0x05e80000, 0x0f2a0000)
  eden space 18432K,   0% used [0x04800000, 0x04800000, 0x05a00000)
  from space 2304K,  99% used [0x05a00000, 0x05c3fde8, 0x05c40000)
  to   space 2304K,   0% used [0x05c40000, 0x05c40000, 0x05e80000)
 tenured generation   total 45864K, used 41081K [0x0f2a0000, 0x11f6a000, 0x24800000)
   the space 45864K,  89% used [0x0f2a0000, 0x11abe6d0, 0x11abe800, 0x11f6a000)
 Metaspace       used 33802K, capacity 34860K, committed 34944K, reserved 35200K
}
Event: 16.305 GC heap before
{Heap before GC invocations=101 (full 4):
 def new generation   total 20736K, used 20735K [0x04800000, 0x05e80000, 0x0f2a0000)
  eden space 18432K, 100% used [0x04800000, 0x05a00000, 0x05a00000)
  from space 2304K,  99% used [0x05a00000, 0x05c3fde8, 0x05c40000)
  to   space 2304K,   0% used [0x05c40000, 0x05c40000, 0x05e80000)
 tenured generation   total 45864K, used 41081K [0x0f2a0000, 0x11f6a000, 0x24800000)
   the space 45864K,  89% used [0x0f2a0000, 0x11abe6d0, 0x11abe800, 0x11f6a000)
 Metaspace       used 33825K, capacity 34941K, committed 34944K, reserved 35200K
Event: 16.314 GC heap after
Heap after GC invocations=102 (full 4):
 def new generation   total 20736K, used 2159K [0x04800000, 0x05e80000, 0x0f2a0000)
  eden space 18432K,   0% used [0x04800000, 0x04800000, 0x05a00000)
  from space 2304K,  93% used [0x05c40000, 0x05e5bde8, 0x05e80000)
  to   space 2304K,   0% used [0x05a00000, 0x05a00000, 0x05c40000)
 tenured generation   total 45864K, used 43374K [0x0f2a0000, 0x11f6a000, 0x24800000)
   the space 45864K,  94% used [0x0f2a0000, 0x11cfbaf8, 0x11cfbc00, 0x11f6a000)
 Metaspace       used 33825K, capacity 34941K, committed 34944K, reserved 35200K
}
Event: 16.881 GC heap before
{Heap before GC invocations=102 (full 4):
 def new generation   total 20736K, used 20588K [0x04800000, 0x05e80000, 0x0f2a0000)
  eden space 18432K,  99% used [0x04800000, 0x059ff380, 0x05a00000)
  from space 2304K,  93% used [0x05c40000, 0x05e5bde8, 0x05e80000)
  to   space 2304K,   0% used [0x05a00000, 0x05a00000, 0x05c40000)
 tenured generation   total 45864K, used 43374K [0x0f2a0000, 0x11f6a000, 0x24800000)
   the space 45864K,  94% used [0x0f2a0000, 0x11cfbaf8, 0x11cfbc00, 0x11f6a000)
 Metaspace       used 34225K, capacity 35338K, committed 35456K, reserved 36224K
Event: 16.892 GC heap after
Heap after GC invocations=103 (full 4):
 def new generation   total 20736K, used 1857K [0x04800000, 0x05e80000, 0x0f2a0000)
  eden space 18432K,   0% used [0x04800000, 0x04800000, 0x05a00000)
  from space 2304K,  80% used [0x05a00000, 0x05bd05d0, 0x05c40000)
  to   space 2304K,   0% used [0x05c40000, 0x05c40000, 0x05e80000)
 tenured generation   total 45864K, used 45527K [0x0f2a0000, 0x11f6a000, 0x24800000)
   the space 45864K,  99% used [0x0f2a0000, 0x11f15fd8, 0x11f16000, 0x11f6a000)
 Metaspace       used 34225K, capacity 35338K, committed 35456K, reserved 36224K
}
Event: 17.262 GC heap before
{Heap before GC invocations=103 (full 4):
 def new generation   total 20736K, used 20289K [0x04800000, 0x05e80000, 0x0f2a0000)
  eden space 18432K, 100% used [0x04800000, 0x05a00000, 0x05a00000)
  from space 2304K,  80% used [0x05a00000, 0x05bd05d0, 0x05c40000)
  to   space 2304K,   0% used [0x05c40000, 0x05c40000, 0x05e80000)
 tenured generation   total 45864K, used 45527K [0x0f2a0000, 0x11f6a000, 0x24800000)
   the space 45864K,  99% used [0x0f2a0000, 0x11f15fd8, 0x11f16000, 0x11f6a000)
 Metaspace       used 34291K, capacity 35441K, committed 35584K, reserved 36224K
Event: 17.386 GC heap after
Heap after GC invocations=104 (full 5):
 def new generation   total 35392K, used 1056K [0x04800000, 0x06e60000, 0x0f2a0000)
  eden space 31488K,   3% used [0x04800000, 0x04908358, 0x066c0000)
  from space 3904K,   0% used [0x066c0000, 0x066c0000, 0x06a90000)
  to   space 3904K,   0% used [0x06a90000, 0x06a90000, 0x06e60000)
 tenured generation   total 78360K, used 47014K [0x0f2a0000, 0x13f26000, 0x24800000)
   the space 78360K,  59% used [0x0f2a0000, 0x12089b68, 0x12089c00, 0x13f26000)
 Metaspace       used 34291K, capacity 35441K, committed 35584K, reserved 36224K
}

