# JRE version: Java(TM) SE Runtime Environment (8.0_151-b12) (build 1.8.0_151-b12)
# Java VM: Java HotSpot(TM) Client VM (25.151-b12 mixed mode windows-x86 )
Heap:
 def new generation   total 34880K, used 3840K [0x04a00000, 0x06fd0000, 0x0f4a0000)
  eden space 31040K,   0% used [0x04a00000, 0x04a00000, 0x06850000)
  from space 3840K, 100% used [0x06c10000, 0x06fd0000, 0x06fd0000)
  to   space 3840K,   0% used [0x06850000, 0x06850000, 0x06c10000)
 tenured generation   total 77452K, used 77353K [0x0f4a0000, 0x14043000, 0x24a00000)
   the space 77452K,  99% used [0x0f4a0000, 0x1402a7b0, 0x1402a800, 0x14043000)
 Metaspace       used 45499K, capacity 47121K, committed 47232K, reserved 47488K
GC Heap History (10 events):
Event: 250.453 GC heap after
Heap after GC invocations=118 (full 5):
 def new generation   total 34880K, used 2284K [0x04a00000, 0x06fd0000, 0x0f4a0000)
  eden space 31040K,   0% used [0x04a00000, 0x04a00000, 0x06850000)
  from space 3840K,  59% used [0x06850000, 0x06a8b2c8, 0x06c10000)
  to   space 3840K,   0% used [0x06c10000, 0x06c10000, 0x06fd0000)
 tenured generation   total 77196K, used 69846K [0x0f4a0000, 0x14003000, 0x24a00000)
   the space 77196K,  90% used [0x0f4a0000, 0x138d59a0, 0x138d5a00, 0x14003000)
 Metaspace       used 44971K, capacity 46473K, committed 46592K, reserved 47488K
}
Event: 251.984 GC heap before
{Heap before GC invocations=118 (full 5):
 def new generation   total 34880K, used 33324K [0x04a00000, 0x06fd0000, 0x0f4a0000)
  eden space 31040K, 100% used [0x04a00000, 0x06850000, 0x06850000)
  from space 3840K,  59% used [0x06850000, 0x06a8b2c8, 0x06c10000)
  to   space 3840K,   0% used [0x06c10000, 0x06c10000, 0x06fd0000)
 tenured generation   total 77196K, used 69846K [0x0f4a0000, 0x14003000, 0x24a00000)
   the space 77196K,  90% used [0x0f4a0000, 0x138d59a0, 0x138d5a00, 0x14003000)
 Metaspace       used 45244K, capacity 46762K, committed 46848K, reserved 47488K
Event: 252.015 GC heap after
Heap after GC invocations=119 (full 5):
 def new generation   total 34880K, used 3840K [0x04a00000, 0x06fd0000, 0x0f4a0000)
  eden space 31040K,   0% used [0x04a00000, 0x04a00000, 0x06850000)
  from space 3840K, 100% used [0x06c10000, 0x06fd0000, 0x06fd0000)
  to   space 3840K,   0% used [0x06850000, 0x06850000, 0x06c10000)
 tenured generation   total 77196K, used 71128K [0x0f4a0000, 0x14003000, 0x24a00000)
   the space 77196K,  92% used [0x0f4a0000, 0x13a160b0, 0x13a16200, 0x14003000)
 Metaspace       used 45244K, capacity 46762K, committed 46848K, reserved 47488K
}
Event: 253.324 GC heap before
{Heap before GC invocations=119 (full 5):
 def new generation   total 34880K, used 34880K [0x04a00000, 0x06fd0000, 0x0f4a0000)
  eden space 31040K, 100% used [0x04a00000, 0x06850000, 0x06850000)
  from space 3840K, 100% used [0x06c10000, 0x06fd0000, 0x06fd0000)
  to   space 3840K,   0% used [0x06850000, 0x06850000, 0x06c10000)
 tenured generation   total 77196K, used 71128K [0x0f4a0000, 0x14003000, 0x24a00000)
   the space 77196K,  92% used [0x0f4a0000, 0x13a160b0, 0x13a16200, 0x14003000)
 Metaspace       used 45328K, capacity 46873K, committed 46976K, reserved 47488K
Event: 253.351 GC heap after
Heap after GC invocations=120 (full 5):
 def new generation   total 34880K, used 772K [0x04a00000, 0x06fd0000, 0x0f4a0000)
  eden space 31040K,   0% used [0x04a00000, 0x04a00000, 0x06850000)
  from space 3840K,  20% used [0x06850000, 0x06911380, 0x06c10000)
  to   space 3840K,   0% used [0x06c10000, 0x06c10000, 0x06fd0000)
 tenured generation   total 77196K, used 74920K [0x0f4a0000, 0x14003000, 0x24a00000)
   the space 77196K,  97% used [0x0f4a0000, 0x13dca1b8, 0x13dca200, 0x14003000)
 Metaspace       used 45328K, capacity 46873K, committed 46976K, reserved 47488K
}
Event: 261.178 GC heap before
{Heap before GC invocations=120 (full 5):
 def new generation   total 34880K, used 31812K [0x04a00000, 0x06fd0000, 0x0f4a0000)
  eden space 31040K, 100% used [0x04a00000, 0x06850000, 0x06850000)
  from space 3840K,  20% used [0x06850000, 0x06911380, 0x06c10000)
  to   space 3840K,   0% used [0x06c10000, 0x06c10000, 0x06fd0000)
 tenured generation   total 77196K, used 74920K [0x0f4a0000, 0x14003000, 0x24a00000)
   the space 77196K,  97% used [0x0f4a0000, 0x13dca1b8, 0x13dca200, 0x14003000)
 Metaspace       used 45414K, capacity 46996K, committed 47104K, reserved 47488K
Event: 261.196 GC heap after
Heap after GC invocations=121 (full 5):
 def new generation   total 34880K, used 2256K [0x04a00000, 0x06fd0000, 0x0f4a0000)
  eden space 31040K,   0% used [0x04a00000, 0x04a00000, 0x06850000)
  from space 3840K,  58% used [0x06c10000, 0x06e442a8, 0x06fd0000)
  to   space 3840K,   0% used [0x06850000, 0x06850000, 0x06c10000)
 tenured generation   total 77196K, used 74920K [0x0f4a0000, 0x14003000, 0x24a00000)
   the space 77196K,  97% used [0x0f4a0000, 0x13dca1b8, 0x13dca200, 0x14003000)
 Metaspace       used 45414K, capacity 46996K, committed 47104K, reserved 47488K
}
Event: 261.735 GC heap before
{Heap before GC invocations=121 (full 5):
 def new generation   total 34880K, used 33296K [0x04a00000, 0x06fd0000, 0x0f4a0000)
  eden space 31040K, 100% used [0x04a00000, 0x06850000, 0x06850000)
  from space 3840K,  58% used [0x06c10000, 0x06e442a8, 0x06fd0000)
  to   space 3840K,   0% used [0x06850000, 0x06850000, 0x06c10000)
 tenured generation   total 77196K, used 74920K [0x0f4a0000, 0x14003000, 0x24a00000)
   the space 77196K,  97% used [0x0f4a0000, 0x13dca1b8, 0x13dca200, 0x14003000)
 Metaspace       used 45418K, capacity 47003K, committed 47104K, reserved 47488K
Event: 261.744 GC heap after
Heap after GC invocations=122 (full 5):
 def new generation   total 34880K, used 2479K [0x04a00000, 0x06fd0000, 0x0f4a0000)
  eden space 31040K,   0% used [0x04a00000, 0x04a00000, 0x06850000)
  from space 3840K,  64% used [0x06850000, 0x06abbd78, 0x06c10000)
  to   space 3840K,   0% used [0x06c10000, 0x06c10000, 0x06fd0000)
 tenured generation   total 77196K, used 75439K [0x0f4a0000, 0x14003000, 0x24a00000)
   the space 77196K,  97% used [0x0f4a0000, 0x13e4bcc0, 0x13e4be00, 0x14003000)
 Metaspace       used 45418K, capacity 47003K, committed 47104K, reserved 47488K
}
Event: 262.692 GC heap before
{Heap before GC invocations=122 (full 5):
 def new generation   total 34880K, used 33519K [0x04a00000, 0x06fd0000, 0x0f4a0000)
  eden space 31040K, 100% used [0x04a00000, 0x06850000, 0x06850000)
  from space 3840K,  64% used [0x06850000, 0x06abbd78, 0x06c10000)
  to   space 3840K,   0% used [0x06c10000, 0x06c10000, 0x06fd0000)
 tenured generation   total 77196K, used 75439K [0x0f4a0000, 0x14003000, 0x24a00000)
   the space 77196K,  97% used [0x0f4a0000, 0x13e4bcc0, 0x13e4be00, 0x14003000)
 Metaspace       used 45499K, capacity 47121K, committed 47232K, reserved 47488K

