# JRE version: Java(TM) SE Runtime Environment (8.0_151-b12) (build 1.8.0_151-b12)
# Java VM: Java HotSpot(TM) Client VM (25.151-b12 mixed mode windows-x86 )
Heap:
 def new generation   total 35840K, used 35840K [0x04800000, 0x06ee0000, 0x0f2a0000)
  eden space 31872K, 100% used [0x04800000, 0x06720000, 0x06720000)
  from space 3968K, 100% used [0x06720000, 0x06b00000, 0x06b00000)
  to   space 3968K,   1% used [0x06b00000, 0x06b0ba00, 0x06ee0000)
 tenured generation   total 79316K, used 70221K [0x0f2a0000, 0x14015000, 0x24800000)
   the space 79316K,  88% used [0x0f2a0000, 0x13733738, 0x13733800, 0x14015000)
 Metaspace       used 45772K, capacity 47349K, committed 47360K, reserved 47488K
GC Heap History (10 events):
Event: 310.980 GC heap after
Heap after GC invocations=114 (full 5):
 def new generation   total 35840K, used 1285K [0x04800000, 0x06ee0000, 0x0f2a0000)
  eden space 31872K,   0% used [0x04800000, 0x04800000, 0x06720000)
  from space 3968K,  32% used [0x06720000, 0x068614a8, 0x06b00000)
  to   space 3968K,   0% used [0x06b00000, 0x06b00000, 0x06ee0000)
 tenured generation   total 79316K, used 66044K [0x0f2a0000, 0x14015000, 0x24800000)
   the space 79316K,  83% used [0x0f2a0000, 0x1331f3e0, 0x1331f400, 0x14015000)
 Metaspace       used 44799K, capacity 46214K, committed 46336K, reserved 46464K
}
Event: 777.535 GC heap before
{Heap before GC invocations=114 (full 5):
 def new generation   total 35840K, used 33157K [0x04800000, 0x06ee0000, 0x0f2a0000)
  eden space 31872K, 100% used [0x04800000, 0x06720000, 0x06720000)
  from space 3968K,  32% used [0x06720000, 0x068614a8, 0x06b00000)
  to   space 3968K,   0% used [0x06b00000, 0x06b00000, 0x06ee0000)
 tenured generation   total 79316K, used 66044K [0x0f2a0000, 0x14015000, 0x24800000)
   the space 79316K,  83% used [0x0f2a0000, 0x1331f3e0, 0x1331f400, 0x14015000)
 Metaspace       used 45144K, capacity 46643K, committed 46720K, reserved 47488K
Event: 777.548 GC heap after
Heap after GC invocations=115 (full 5):
 def new generation   total 35840K, used 3265K [0x04800000, 0x06ee0000, 0x0f2a0000)
  eden space 31872K,   0% used [0x04800000, 0x04800000, 0x06720000)
  from space 3968K,  82% used [0x06b00000, 0x06e30610, 0x06ee0000)
  to   space 3968K,   0% used [0x06720000, 0x06720000, 0x06b00000)
 tenured generation   total 79316K, used 66044K [0x0f2a0000, 0x14015000, 0x24800000)
   the space 79316K,  83% used [0x0f2a0000, 0x1331f3e0, 0x1331f400, 0x14015000)
 Metaspace       used 45144K, capacity 46643K, committed 46720K, reserved 47488K
}
Event: 778.145 GC heap before
{Heap before GC invocations=115 (full 5):
 def new generation   total 35840K, used 35137K [0x04800000, 0x06ee0000, 0x0f2a0000)
  eden space 31872K, 100% used [0x04800000, 0x06720000, 0x06720000)
  from space 3968K,  82% used [0x06b00000, 0x06e30610, 0x06ee0000)
  to   space 3968K,   0% used [0x06720000, 0x06720000, 0x06b00000)
 tenured generation   total 79316K, used 66044K [0x0f2a0000, 0x14015000, 0x24800000)
   the space 79316K,  83% used [0x0f2a0000, 0x1331f3e0, 0x1331f400, 0x14015000)
 Metaspace       used 45144K, capacity 46643K, committed 46720K, reserved 47488K
Event: 778.160 GC heap after
Heap after GC invocations=116 (full 5):
 def new generation   total 35840K, used 387K [0x04800000, 0x06ee0000, 0x0f2a0000)
  eden space 31872K,   0% used [0x04800000, 0x04800000, 0x06720000)
  from space 3968K,   9% used [0x06720000, 0x06780ef8, 0x06b00000)
  to   space 3968K,   0% used [0x06b00000, 0x06b00000, 0x06ee0000)
 tenured generation   total 79316K, used 68874K [0x0f2a0000, 0x14015000, 0x24800000)
   the space 79316K,  86% used [0x0f2a0000, 0x135e2a88, 0x135e2c00, 0x14015000)
 Metaspace       used 45144K, capacity 46643K, committed 46720K, reserved 47488K
}
Event: 778.886 GC heap before
{Heap before GC invocations=116 (full 5):
 def new generation   total 35840K, used 32259K [0x04800000, 0x06ee0000, 0x0f2a0000)
  eden space 31872K, 100% used [0x04800000, 0x06720000, 0x06720000)
  from space 3968K,   9% used [0x06720000, 0x06780ef8, 0x06b00000)
  to   space 3968K,   0% used [0x06b00000, 0x06b00000, 0x06ee0000)
 tenured generation   total 79316K, used 68874K [0x0f2a0000, 0x14015000, 0x24800000)
   the space 79316K,  86% used [0x0f2a0000, 0x135e2a88, 0x135e2c00, 0x14015000)
 Metaspace       used 45147K, capacity 46646K, committed 46720K, reserved 47488K
Event: 778.896 GC heap after
Heap after GC invocations=117 (full 5):
 def new generation   total 35840K, used 2098K [0x04800000, 0x06ee0000, 0x0f2a0000)
  eden space 31872K,   0% used [0x04800000, 0x04800000, 0x06720000)
  from space 3968K,  52% used [0x06b00000, 0x06d0cb58, 0x06ee0000)
  to   space 3968K,   0% used [0x06720000, 0x06720000, 0x06b00000)
 tenured generation   total 79316K, used 68874K [0x0f2a0000, 0x14015000, 0x24800000)
   the space 79316K,  86% used [0x0f2a0000, 0x135e2a88, 0x135e2c00, 0x14015000)
 Metaspace       used 45147K, capacity 46646K, committed 46720K, reserved 47488K
}
Event: 779.824 GC heap before
{Heap before GC invocations=117 (full 5):
 def new generation   total 35840K, used 33970K [0x04800000, 0x06ee0000, 0x0f2a0000)
  eden space 31872K, 100% used [0x04800000, 0x06720000, 0x06720000)
  from space 3968K,  52% used [0x06b00000, 0x06d0cb58, 0x06ee0000)
  to   space 3968K,   0% used [0x06720000, 0x06720000, 0x06b00000)
 tenured generation   total 79316K, used 68874K [0x0f2a0000, 0x14015000, 0x24800000)
   the space 79316K,  86% used [0x0f2a0000, 0x135e2a88, 0x135e2c00, 0x14015000)
 Metaspace       used 45449K, capacity 46975K, committed 46976K, reserved 47488K
Event: 779.850 GC heap after
Heap after GC invocations=118 (full 5):
 def new generation   total 35840K, used 3968K [0x04800000, 0x06ee0000, 0x0f2a0000)
  eden space 31872K,   0% used [0x04800000, 0x04800000, 0x06720000)
  from space 3968K, 100% used [0x06720000, 0x06b00000, 0x06b00000)
  to   space 3968K,   0% used [0x06b00000, 0x06b00000, 0x06ee0000)
 tenured generation   total 79316K, used 70049K [0x0f2a0000, 0x14015000, 0x24800000)
   the space 79316K,  88% used [0x0f2a0000, 0x13708600, 0x13708600, 0x14015000)
 Metaspace       used 45449K, capacity 46975K, committed 46976K, reserved 47488K
}
Event: 780.541 GC heap before
{Heap before GC invocations=118 (full 5):
 def new generation   total 35840K, used 35840K [0x04800000, 0x06ee0000, 0x0f2a0000)
  eden space 31872K, 100% used [0x04800000, 0x06720000, 0x06720000)
  from space 3968K, 100% used [0x06720000, 0x06b00000, 0x06b00000)
  to   space 3968K,   0% used [0x06b00000, 0x06b00000, 0x06ee0000)
 tenured generation   total 79316K, used 70049K [0x0f2a0000, 0x14015000, 0x24800000)
   the space 79316K,  88% used [0x0f2a0000, 0x13708600, 0x13708600, 0x14015000)
 Metaspace       used 45772K, capacity 47349K, committed 47360K, reserved 47488K

